D:\DOKUMENT\VIKTOR\MSVC\PROJECT-MAYHEM\DEBUG\AI.OBJ
D:\Dokument\Viktor\MSVC\Project-Mayhem\Debug\cl.command.1.tlog
D:\Dokument\Viktor\MSVC\Project-Mayhem\Debug\CL.read.1.tlog
D:\Dokument\Viktor\MSVC\Project-Mayhem\Debug\CL.write.1.tlog
D:\DOKUMENT\VIKTOR\MSVC\PROJECT-MAYHEM\DEBUG\CPOLYGON.OBJ
D:\DOKUMENT\VIKTOR\MSVC\PROJECT-MAYHEM\DEBUG\DIRECTINPUT.OBJ
D:\DOKUMENT\VIKTOR\MSVC\PROJECT-MAYHEM\DEBUG\EDITOR.OBJ
D:\DOKUMENT\VIKTOR\MSVC\PROJECT-MAYHEM\DEBUG\EDITORSTATE.OBJ
D:\DOKUMENT\VIKTOR\MSVC\PROJECT-MAYHEM\DEBUG\ENEMY.OBJ
D:\DOKUMENT\VIKTOR\MSVC\PROJECT-MAYHEM\DEBUG\GAME.OBJ
D:\DOKUMENT\VIKTOR\MSVC\PROJECT-MAYHEM\DEBUG\GFXSTATS.OBJ
D:\DOKUMENT\VIKTOR\MSVC\PROJECT-MAYHEM\DEBUG\GRAPHICS.OBJ
D:\DOKUMENT\VIKTOR\MSVC\PROJECT-MAYHEM\DEBUG\LEVEL.OBJ
D:\Dokument\Viktor\MSVC\Project-Mayhem\Debug\link.4172.read.1.tlog
D:\Dokument\Viktor\MSVC\Project-Mayhem\Debug\link.4172.write.1.tlog
D:\Dokument\Viktor\MSVC\Project-Mayhem\Debug\link.4172-cvtres.read.1.tlog
D:\Dokument\Viktor\MSVC\Project-Mayhem\Debug\link.4172-cvtres.write.1.tlog
D:\Dokument\Viktor\MSVC\Project-Mayhem\Debug\link.5932.read.1.tlog
D:\Dokument\Viktor\MSVC\Project-Mayhem\Debug\link.5932.write.1.tlog
D:\Dokument\Viktor\MSVC\Project-Mayhem\Debug\link.5932-cvtres.read.1.tlog
D:\Dokument\Viktor\MSVC\Project-Mayhem\Debug\link.5932-cvtres.write.1.tlog
D:\Dokument\Viktor\MSVC\Project-Mayhem\Debug\link.command.1.tlog
D:\Dokument\Viktor\MSVC\Project-Mayhem\Debug\link.read.1.tlog
D:\Dokument\Viktor\MSVC\Project-Mayhem\Debug\link.write.1.tlog
D:\Dokument\Viktor\MSVC\Project-Mayhem\Debug\link-cvtres.read.1.tlog
D:\Dokument\Viktor\MSVC\Project-Mayhem\Debug\link-cvtres.write.1.tlog
D:\DOKUMENT\VIKTOR\MSVC\PROJECT-MAYHEM\DEBUG\MATH.OBJ
D:\DOKUMENT\VIKTOR\MSVC\PROJECT-MAYHEM\DEBUG\MENU.OBJ
D:\DOKUMENT\VIKTOR\MSVC\PROJECT-MAYHEM\DEBUG\MENUSTATE.OBJ
D:\Dokument\Viktor\MSVC\Project-Mayhem\Debug\mt.command.1.tlog
D:\Dokument\Viktor\MSVC\Project-Mayhem\Debug\mt.read.1.tlog
D:\Dokument\Viktor\MSVC\Project-Mayhem\Debug\mt.write.1.tlog
D:\DOKUMENT\VIKTOR\MSVC\PROJECT-MAYHEM\DEBUG\OBJECT.OBJ
D:\DOKUMENT\VIKTOR\MSVC\PROJECT-MAYHEM\DEBUG\PLAYER.OBJ
D:\DOKUMENT\VIKTOR\MSVC\PROJECT-MAYHEM\DEBUG\PLAYSTATE.OBJ
D:\DOKUMENT\VIKTOR\MSVC\PROJECT-MAYHEM\DEBUG\PROJECT MAYHEM.EXE
D:\DOKUMENT\VIKTOR\MSVC\PROJECT-MAYHEM\DEBUG\PROJECT MAYHEM.EXE.EMBED.MANIFEST
D:\DOKUMENT\VIKTOR\MSVC\PROJECT-MAYHEM\DEBUG\PROJECT MAYHEM.EXE.EMBED.MANIFEST.RES
D:\DOKUMENT\VIKTOR\MSVC\PROJECT-MAYHEM\DEBUG\PROJECT MAYHEM.EXE.INTERMEDIATE.MANIFEST
D:\Dokument\Viktor\MSVC\Project-Mayhem\Debug\Project Mayhem.exe.mem.xml-leaks
D:\DOKUMENT\VIKTOR\MSVC\PROJECT-MAYHEM\DEBUG\PROJECT MAYHEM.ILK
D:\DOKUMENT\VIKTOR\MSVC\PROJECT-MAYHEM\DEBUG\PROJECT MAYHEM.PDB
D:\Dokument\Viktor\MSVC\Project-Mayhem\Debug\Project Mayhem_manifest.rc
D:\DOKUMENT\VIKTOR\MSVC\PROJECT-MAYHEM\DEBUG\PROJECTILE.OBJ
D:\Dokument\Viktor\MSVC\Project-Mayhem\Debug\rc.command.1.tlog
D:\Dokument\Viktor\MSVC\Project-Mayhem\Debug\rc.read.1.tlog
D:\Dokument\Viktor\MSVC\Project-Mayhem\Debug\rc.write.1.tlog
D:\DOKUMENT\VIKTOR\MSVC\PROJECT-MAYHEM\DEBUG\RUNNABLE.OBJ
D:\DOKUMENT\VIKTOR\MSVC\PROJECT-MAYHEM\DEBUG\STACKWALKER.OBJ
D:\DOKUMENT\VIKTOR\MSVC\PROJECT-MAYHEM\DEBUG\STRUCTURE.OBJ
D:\DOKUMENT\VIKTOR\MSVC\PROJECT-MAYHEM\DEBUG\TILE.OBJ
D:\DOKUMENT\VIKTOR\MSVC\PROJECT-MAYHEM\DEBUG\TILEHANDLER.OBJ
D:\DOKUMENT\VIKTOR\MSVC\PROJECT-MAYHEM\DEBUG\TINYSTR.OBJ
D:\DOKUMENT\VIKTOR\MSVC\PROJECT-MAYHEM\DEBUG\TINYXML.OBJ
D:\DOKUMENT\VIKTOR\MSVC\PROJECT-MAYHEM\DEBUG\TINYXMLERROR.OBJ
D:\DOKUMENT\VIKTOR\MSVC\PROJECT-MAYHEM\DEBUG\TINYXMLPARSER.OBJ
D:\DOKUMENT\VIKTOR\MSVC\PROJECT-MAYHEM\DEBUG\WBUTTON.OBJ
D:\Dokument\Viktor\MSVC\Project-Mayhem\Debug\vc100.idb
D:\DOKUMENT\VIKTOR\MSVC\PROJECT-MAYHEM\DEBUG\VC100.PDB
D:\DOKUMENT\VIKTOR\MSVC\PROJECT-MAYHEM\DEBUG\WCOMPONENT.OBJ
D:\DOKUMENT\VIKTOR\MSVC\PROJECT-MAYHEM\DEBUG\WCONTAINER.OBJ
D:\DOKUMENT\VIKTOR\MSVC\PROJECT-MAYHEM\DEBUG\WDROPDOWN.OBJ
D:\DOKUMENT\VIKTOR\MSVC\PROJECT-MAYHEM\DEBUG\VERTEX.OBJ
D:\DOKUMENT\VIKTOR\MSVC\PROJECT-MAYHEM\DEBUG\WINDOWHANDLER.OBJ
D:\DOKUMENT\VIKTOR\MSVC\PROJECT-MAYHEM\DEBUG\WMESSAGE.OBJ
D:\DOKUMENT\VIKTOR\MSVC\PROJECT-MAYHEM\DEBUG\WPANEL.OBJ
