Build started 2012-02-12 12:00:03.
     1>Project "D:\Dokument\Viktor\MSVC\Project-Mayhem\Project Mayhem.vcxproj" on node 2 (build target(s)).
     1>InitializeBuildStatus:
         Touching "Debug\Project Mayhem.unsuccessfulbuild".
       ClCompile:
         d:\Program Files (x86)\Microsoft Visual Studio 10.0\VC\bin\CL.exe /c /Id3d9.lib /Id3dx9d.lib /Idxguid.lib /IDxErr.lib /Idinput8.lib /ZI /nologo /W3 /WX- /Od /Oy- /D WIN32 /D _DEBUG /D _WINDOWS /D _MBCS /Gm /EHsc /RTC1 /MDd /GS /fp:precise /Zc:wchar_t /Zc:forScope /Fo"Debug\\" /Fd"Debug\vc100.pdb" /Gd /TP /analyze- /errorReport:prompt Loot.cpp
         Loot.cpp
     1>d:\dokument\viktor\msvc\project-mayhem\loot.cpp(5): warning C4244: 'argument' : conversion from 'int' to 'float', possible loss of data
     1>d:\dokument\viktor\msvc\project-mayhem\loot.cpp(5): warning C4244: 'argument' : conversion from 'int' to 'float', possible loss of data
       ManifestResourceCompile:
         All outputs are up-to-date.
       Link:
         d:\Program Files (x86)\Microsoft Visual Studio 10.0\VC\bin\link.exe /ERRORREPORT:PROMPT /OUT:"D:\Dokument\Viktor\MSVC\Project-Mayhem\Debug\Project Mayhem.exe" /INCREMENTAL /NOLOGO d3dx9d.lib d3d9.lib d3dx9d.lib dxguid.lib DxErr.lib dinput8.lib kernel32.lib user32.lib gdi32.lib winspool.lib comdlg32.lib advapi32.lib shell32.lib ole32.lib oleaut32.lib uuid.lib odbc32.lib odbccp32.lib kernel32.lib user32.lib gdi32.lib winspool.lib comdlg32.lib advapi32.lib shell32.lib ole32.lib oleaut32.lib uuid.lib odbc32.lib odbccp32.lib kernel32.lib user32.lib gdi32.lib winspool.lib comdlg32.lib advapi32.lib shell32.lib ole32.lib oleaut32.lib uuid.lib odbc32.lib odbccp32.lib /MANIFEST /ManifestFile:"Debug\Project Mayhem.exe.intermediate.manifest" /MANIFESTUAC:"level='asInvoker' uiAccess='false'" /DEBUG /PDB:"D:\Dokument\Viktor\MSVC\Project-Mayhem\Debug\Project Mayhem.pdb" /SUBSYSTEM:WINDOWS /TLBID:1 /DYNAMICBASE /NXCOMPAT /IMPLIB:"D:\Dokument\Viktor\MSVC\Project-Mayhem\Debug\Project Mayhem.lib" /MACHINE:X86 "Debug\Project Mayhem.exe.embed.manifest.res"
         Debug\AI.obj
         Debug\Animation.obj
         Debug\Camera.obj
         Debug\CameraManager.obj
         Debug\DirectInput.obj
         Debug\Editor.obj
         Debug\EditorState.obj
         Debug\Enemy.obj
         Debug\Font.obj
         Debug\Game.obj
         Debug\GfxStats.obj
         Debug\Graphics.obj
         Debug\Input.obj
         Debug\Inventory.obj
         Debug\Item.obj
         Debug\ItemHandler.obj
         Debug\Level.obj
         Debug\Loot.obj
         Debug\Math.obj
         Debug\Menu.obj
         Debug\MenuState.obj
         Debug\Object.obj
         Debug\Player.obj
         Debug\PlayState.obj
         Debug\cPolygon.obj
         Debug\Projectile.obj
         Debug\Runnable.obj
         Debug\Stackwalker.obj
         Debug\Structure.obj
         Debug\Tile.obj
         Debug\TileHandler.obj
         Debug\tinystr.obj
         Debug\tinyxml.obj
         Debug\tinyxmlerror.obj
         Debug\tinyxmlparser.obj
         Debug\Vertex.obj
         Debug\wButton.obj
         Debug\wComponent.obj
         Debug\wContainer.obj
         Debug\wDropDown.obj
         Debug\WindowHandler.obj
         Debug\wMessage.obj
         Debug\wPanel.obj
       Manifest:
         C:\Program Files (x86)\Microsoft SDKs\Windows\v7.0A\bin\mt.exe /nologo /verbose /out:"Debug\Project Mayhem.exe.embed.manifest" /manifest "Debug\Project Mayhem.exe.intermediate.manifest"
         All outputs are up-to-date.
       LinkEmbedManifest:
         All outputs are up-to-date.
         Project Mayhem.vcxproj -> D:\Dokument\Viktor\MSVC\Project-Mayhem\Debug\Project Mayhem.exe
       FinalizeBuildStatus:
         Deleting file "Debug\Project Mayhem.unsuccessfulbuild".
         Touching "Debug\Project Mayhem.lastbuildstate".
     1>Done Building Project "D:\Dokument\Viktor\MSVC\Project-Mayhem\Project Mayhem.vcxproj" (build target(s)).

Build succeeded.

Time Elapsed 00:00:01.63
